<?xml version="1.0" encoding="UTF-8"?>
<!-- Generated by org.testng.reporters.JUnitXMLReporter -->
<testsuite ignored="0" hostname="NITHIN" failures="0" tests="5" name="Test" time="57.258" errors="0" timestamp="2022-05-19T23:24:45 IST">
  <testcase classname="com.execution.MainClass" name="login" time="2.22"/>
  <testcase classname="com.execution.MainClass" name="searchHotel" time="4.345"/>
  <testcase classname="com.execution.MainClass" name="selectHotel" time="1.465"/>
  <testcase classname="com.execution.MainClass" name="address" time="2.46"/>
  <testcase classname="com.execution.MainClass" name="orderID" time="6.316"/>
</testsuite> <!-- Test -->
