<?xml version="1.0" encoding="UTF-8"?>
<testng-results ignored="0" total="5" passed="5" failed="0" skipped="0">
  <reporter-output>
  </reporter-output>
  <suite started-at="2022-05-19T23:23:48 IST" name="Suite" finished-at="2022-05-19T23:24:45 IST" duration-ms="57258">
    <groups>
    </groups>
    <test started-at="2022-05-19T23:23:48 IST" name="Test" finished-at="2022-05-19T23:24:45 IST" duration-ms="57258">
      <class name="com.execution.MainClass">
        <test-method is-config="true" signature="launch(java.lang.String,java.lang.String)[pri:0, instance:com.execution.MainClass@4550bb58]" started-at="2022-05-19T23:23:48 IST" name="launch" finished-at="2022-05-19T23:24:23 IST" duration-ms="34996" status="PASS">
          <params>
            <param index="0">
              <value>
                <![CDATA[chrome]]>
              </value>
            </param>
            <param index="1">
              <value>
                <![CDATA[https://adactinhotelapp.com/]]>
              </value>
            </param>
          </params>
          <reporter-output>
          </reporter-output>
        </test-method> <!-- launch -->
        <test-method signature="login(java.lang.String,java.lang.String)[pri:1, instance:com.execution.MainClass@4550bb58]" started-at="2022-05-19T23:24:23 IST" name="login" finished-at="2022-05-19T23:24:25 IST" duration-ms="2220" status="PASS">
          <params>
            <param index="0">
              <value>
                <![CDATA[nithinraje]]>
              </value>
            </param>
            <param index="1">
              <value>
                <![CDATA[9876543210]]>
              </value>
            </param>
          </params>
          <reporter-output>
          </reporter-output>
        </test-method> <!-- login -->
        <test-method signature="searchHotel(java.lang.String,java.lang.String,java.lang.String,java.lang.String,java.lang.String,java.lang.String,java.lang.String,java.lang.String,java.lang.String)[pri:0, instance:com.execution.MainClass@4550bb58]" started-at="2022-05-19T23:24:25 IST" name="searchHotel" finished-at="2022-05-19T23:24:30 IST" depends-on-methods="com.execution.MainClass.login" duration-ms="4345" status="PASS">
          <params>
            <param index="0">
              <value>
                <![CDATA[value]]>
              </value>
            </param>
            <param index="1">
              <value>
                <![CDATA[Paris]]>
              </value>
            </param>
            <param index="2">
              <value>
                <![CDATA[Hotel Sunshine]]>
              </value>
            </param>
            <param index="3">
              <value>
                <![CDATA[Super Deluxe]]>
              </value>
            </param>
            <param index="4">
              <value>
                <![CDATA[2]]>
              </value>
            </param>
            <param index="5">
              <value>
                <![CDATA[12/05/2022]]>
              </value>
            </param>
            <param index="6">
              <value>
                <![CDATA[13/05/2022]]>
              </value>
            </param>
            <param index="7">
              <value>
                <![CDATA[2]]>
              </value>
            </param>
            <param index="8">
              <value>
                <![CDATA[0]]>
              </value>
            </param>
          </params>
          <reporter-output>
          </reporter-output>
        </test-method> <!-- searchHotel -->
        <test-method signature="selectHotel()[pri:0, instance:com.execution.MainClass@4550bb58]" started-at="2022-05-19T23:24:30 IST" name="selectHotel" finished-at="2022-05-19T23:24:31 IST" depends-on-methods="com.execution.MainClass.searchHotel" duration-ms="1465" status="PASS">
          <reporter-output>
          </reporter-output>
        </test-method> <!-- selectHotel -->
        <test-method signature="address()[pri:0, instance:com.execution.MainClass@4550bb58]" started-at="2022-05-19T23:24:31 IST" name="address" finished-at="2022-05-19T23:24:33 IST" depends-on-methods="com.execution.MainClass.selectHotel" duration-ms="2460" status="PASS">
          <reporter-output>
          </reporter-output>
        </test-method> <!-- address -->
        <test-method signature="orderID()[pri:0, instance:com.execution.MainClass@4550bb58]" started-at="2022-05-19T23:24:33 IST" name="orderID" finished-at="2022-05-19T23:24:40 IST" depends-on-methods="com.execution.MainClass.selectHotel" duration-ms="6316" status="PASS">
          <reporter-output>
          </reporter-output>
        </test-method> <!-- orderID -->
        <test-method is-config="true" signature="lastStep()[pri:0, instance:com.execution.MainClass@4550bb58]" started-at="2022-05-19T23:24:40 IST" name="lastStep" finished-at="2022-05-19T23:24:45 IST" duration-ms="5336" status="PASS">
          <reporter-output>
          </reporter-output>
        </test-method> <!-- lastStep -->
      </class> <!-- com.execution.MainClass -->
    </test> <!-- Test -->
  </suite> <!-- Suite -->
</testng-results>
